<?xml version="1.0" encoding="UTF-8"?>
<!-- Generated by org.testng.reporters.JUnitReportReporter -->
<testsuite hostname="DESKTOP-7L8GUPN" failures="0" tests="2" name="TESTCASES.lOGIN" time="22.479" errors="0" timestamp="2024-02-07T15:21:09 IST" skipped="0">
  <testcase classname="TESTCASES.lOGIN" name="loginwithvalid" time="11.090"/>
  <system-out/>
  <testcase classname="TESTCASES.lOGIN" name="loginwithinvalid" time="11.389"/>
  <system-out/>
</testsuite> <!-- TESTCASES.lOGIN -->
